<?xml version="1.0" encoding="UTF-8"?>
<!-- Generated by org.testng.reporters.JUnitReportReporter -->
<testsuite hostname="mohit-sharma" name="com.dci.Acumen.E2Escripts.E2E_Scrub" tests="1" failures="0" timestamp="8 Apr 2020 09:26:46 GMT" time="541.194" errors="0">
  <testcase name="E2E_TC0034" time="541.194" classname="com.dci.Acumen.E2Escripts.E2E_Scrub"/>
</testsuite> <!-- com.dci.Acumen.E2Escripts.E2E_Scrub -->
