<?xml version="1.0" encoding="UTF-8"?>
<!-- Generated by org.testng.reporters.JUnitReportReporter -->
<testsuite hostname="DESKTOP-SHTEJTV" name="undostres.Unostres" tests="1" failures="0" timestamp="5 Sep 2022 15:06:36 GMT" time="89.582" errors="0">
  <testcase name="E2E_TC0002" time="89.582" classname="undostres.Unostres"/>
</testsuite> <!-- undostres.Unostres -->
